This file contains any messages produced by compilers while
running configure, to aid debugging if configure makes a mistake.

It was created by nload configure 0.7.4, which was
generated by GNU Autoconf 2.67.  Invocation command line was

  $ ./configure 

## --------- ##
## Platform. ##
## --------- ##

hostname = vps-12674.server
uname -m = x86_64
uname -r = 3.10.0-1160.90.1.vz7.200.7
uname -s = Linux
uname -v = #1 SMP Wed Jul 12 12:00:44 MSK 2023

/usr/bin/uname -p = x86_64
/bin/uname -X     = unknown

/bin/arch              = x86_64
/usr/bin/arch -k       = unknown
/usr/convex/getsysinfo = unknown
/usr/bin/hostinfo      = unknown
/bin/machine           = unknown
/usr/bin/oslevel       = unknown
/bin/universe          = unknown

PATH: /usr/local/sbin
PATH: /usr/local/bin
PATH: /usr/sbin
PATH: /usr/bin
PATH: /sbin
PATH: /bin
PATH: /usr/games
PATH: /usr/local/games
PATH: /snap/bin


## ----------- ##
## Core tests. ##
## ----------- ##

configure:2263: checking build system type
configure:2277: result: x86_64-unknown-linux-gnu
configure:2297: checking host system type
configure:2310: result: x86_64-unknown-linux-gnu
configure:2355: checking for a BSD-compatible install
configure:2423: result: /usr/bin/install -c
configure:2434: checking whether build environment is sane
configure:2484: result: yes
configure:2625: checking for a thread-safe mkdir -p
configure:2664: result: /usr/bin/mkdir -p
configure:2677: checking for gawk
configure:2693: found /usr/bin/gawk
configure:2704: result: gawk
configure:2715: checking whether make sets $(MAKE)
configure:2737: result: yes
configure:2876: checking for g++
configure:2892: found /usr/bin/g++
configure:2903: result: g++
configure:2930: checking for C++ compiler version
configure:2939: g++ --version >&5
g++ (Ubuntu 9.4.0-1ubuntu1~20.04.2) 9.4.0
Copyright (C) 2019 Free Software Foundation, Inc.
This is free software; see the source for copying conditions.  There is NO
warranty; not even for MERCHANTABILITY or FITNESS FOR A PARTICULAR PURPOSE.

configure:2950: $? = 0
configure:2939: g++ -v >&5
Using built-in specs.
COLLECT_GCC=g++
COLLECT_LTO_WRAPPER=/usr/lib/gcc/x86_64-linux-gnu/9/lto-wrapper
OFFLOAD_TARGET_NAMES=nvptx-none:hsa
OFFLOAD_TARGET_DEFAULT=1
Target: x86_64-linux-gnu
Configured with: ../src/configure -v --with-pkgversion='Ubuntu 9.4.0-1ubuntu1~20.04.2' --with-bugurl=file:///usr/share/doc/gcc-9/README.Bugs --enable-languages=c,ada,c++,go,brig,d,fortran,objc,obj-c++,gm2 --prefix=/usr --with-gcc-major-version-only --program-suffix=-9 --program-prefix=x86_64-linux-gnu- --enable-shared --enable-linker-build-id --libexecdir=/usr/lib --without-included-gettext --enable-threads=posix --libdir=/usr/lib --enable-nls --enable-clocale=gnu --enable-libstdcxx-debug --enable-libstdcxx-time=yes --with-default-libstdcxx-abi=new --enable-gnu-unique-object --disable-vtable-verify --enable-plugin --enable-default-pie --with-system-zlib --with-target-system-zlib=auto --enable-objc-gc=auto --enable-multiarch --disable-werror --with-arch-32=i686 --with-abi=m64 --with-multilib-list=m32,m64,mx32 --enable-multilib --with-tune=generic --enable-offload-targets=nvptx-none=/build/gcc-9-9QDOt0/gcc-9-9.4.0/debian/tmp-nvptx/usr,hsa --without-cuda-driver --enable-checking=release --build=x86_64-linux-gnu --host=x86_64-linux-gnu --target=x86_64-linux-gnu
Thread model: posix
gcc version 9.4.0 (Ubuntu 9.4.0-1ubuntu1~20.04.2) 
configure:2950: $? = 0
configure:2939: g++ -V >&5
g++: error: unrecognized command line option '-V'
g++: fatal error: no input files
compilation terminated.
configure:2950: $? = 1
configure:2939: g++ -qversion >&5
g++: error: unrecognized command line option '-qversion'; did you mean '--version'?
g++: fatal error: no input files
compilation terminated.
configure:2950: $? = 1
configure:2970: checking whether the C++ compiler works
configure:2992: g++    conftest.cpp  >&5
configure:2996: $? = 0
configure:3044: result: yes
configure:3047: checking for C++ compiler default output file name
configure:3049: result: a.out
configure:3055: checking for suffix of executables
configure:3062: g++ -o conftest    conftest.cpp  >&5
configure:3066: $? = 0
configure:3088: result: 
configure:3110: checking whether we are cross compiling
configure:3118: g++ -o conftest    conftest.cpp  >&5
configure:3122: $? = 0
configure:3129: ./conftest
configure:3133: $? = 0
configure:3121: result: no
configure:3126: checking for suffix of object files
configure:3148: g++ -c   conftest.cpp >&5
configure:3152: $? = 0
configure:3173: result: o
configure:3177: checking whether we are using the GNU C++ compiler
configure:3196: g++ -c   conftest.cpp >&5
configure:3196: $? = 0
configure:3205: result: yes
configure:3214: checking whether g++ accepts -g
configure:3234: g++ -c -g  conftest.cpp >&5
configure:3234: $? = 0
configure:3275: result: yes
configure:3309: checking for style of include used by make
configure:3337: result: GNU
configure:3362: checking dependency style of g++
configure:3472: result: gcc3
configure:3535: checking for gcc
configure:3551: found /usr/bin/gcc
configure:3562: result: gcc
configure:3791: checking for C compiler version
configure:3800: gcc --version >&5
gcc (Ubuntu 9.4.0-1ubuntu1~20.04.2) 9.4.0
Copyright (C) 2019 Free Software Foundation, Inc.
This is free software; see the source for copying conditions.  There is NO
warranty; not even for MERCHANTABILITY or FITNESS FOR A PARTICULAR PURPOSE.

configure:3811: $? = 0
configure:3800: gcc -v >&5
Using built-in specs.
COLLECT_GCC=gcc
COLLECT_LTO_WRAPPER=/usr/lib/gcc/x86_64-linux-gnu/9/lto-wrapper
OFFLOAD_TARGET_NAMES=nvptx-none:hsa
OFFLOAD_TARGET_DEFAULT=1
Target: x86_64-linux-gnu
Configured with: ../src/configure -v --with-pkgversion='Ubuntu 9.4.0-1ubuntu1~20.04.2' --with-bugurl=file:///usr/share/doc/gcc-9/README.Bugs --enable-languages=c,ada,c++,go,brig,d,fortran,objc,obj-c++,gm2 --prefix=/usr --with-gcc-major-version-only --program-suffix=-9 --program-prefix=x86_64-linux-gnu- --enable-shared --enable-linker-build-id --libexecdir=/usr/lib --without-included-gettext --enable-threads=posix --libdir=/usr/lib --enable-nls --enable-clocale=gnu --enable-libstdcxx-debug --enable-libstdcxx-time=yes --with-default-libstdcxx-abi=new --enable-gnu-unique-object --disable-vtable-verify --enable-plugin --enable-default-pie --with-system-zlib --with-target-system-zlib=auto --enable-objc-gc=auto --enable-multiarch --disable-werror --with-arch-32=i686 --with-abi=m64 --with-multilib-list=m32,m64,mx32 --enable-multilib --with-tune=generic --enable-offload-targets=nvptx-none=/build/gcc-9-9QDOt0/gcc-9-9.4.0/debian/tmp-nvptx/usr,hsa --without-cuda-driver --enable-checking=release --build=x86_64-linux-gnu --host=x86_64-linux-gnu --target=x86_64-linux-gnu
Thread model: posix
gcc version 9.4.0 (Ubuntu 9.4.0-1ubuntu1~20.04.2) 
configure:3811: $? = 0
configure:3800: gcc -V >&5
gcc: error: unrecognized command line option '-V'
gcc: fatal error: no input files
compilation terminated.
configure:3811: $? = 1
configure:3800: gcc -qversion >&5
gcc: error: unrecognized command line option '-qversion'; did you mean '--version'?
gcc: fatal error: no input files
compilation terminated.
configure:3811: $? = 1
configure:3815: checking whether we are using the GNU C compiler
configure:3834: gcc -c   conftest.c >&5
configure:3834: $? = 0
configure:3843: result: yes
configure:3852: checking whether gcc accepts -g
configure:3872: gcc -c -g  conftest.c >&5
configure:3872: $? = 0
configure:3913: result: yes
configure:3930: checking for gcc option to accept ISO C89
configure:3994: gcc  -c -g -O2  conftest.c >&5
configure:3994: $? = 0
configure:4007: result: none needed
configure:4029: checking dependency style of gcc
configure:4139: result: gcc3
configure:4159: checking how to run the C preprocessor
configure:4190: gcc -E  conftest.c
configure:4190: $? = 0
configure:4204: gcc -E  conftest.c
conftest.c:11:10: fatal error: ac_nonexistent.h: No such file or directory
   11 | #include <ac_nonexistent.h>
      |          ^~~~~~~~~~~~~~~~~~
compilation terminated.
configure:4204: $? = 1
configure: failed program was:
| /* confdefs.h */
| #define PACKAGE_NAME "nload"
| #define PACKAGE_TARNAME "nload"
| #define PACKAGE_VERSION "0.7.4"
| #define PACKAGE_STRING "nload 0.7.4"
| #define PACKAGE_BUGREPORT "feedback@roland-riegel.de"
| #define PACKAGE_URL ""
| #define PACKAGE "nload"
| #define VERSION "0.7.4"
| /* end confdefs.h.  */
| #include <ac_nonexistent.h>
configure:4229: result: gcc -E
configure:4249: gcc -E  conftest.c
configure:4249: $? = 0
configure:4263: gcc -E  conftest.c
conftest.c:11:10: fatal error: ac_nonexistent.h: No such file or directory
   11 | #include <ac_nonexistent.h>
      |          ^~~~~~~~~~~~~~~~~~
compilation terminated.
configure:4263: $? = 1
configure: failed program was:
| /* confdefs.h */
| #define PACKAGE_NAME "nload"
| #define PACKAGE_TARNAME "nload"
| #define PACKAGE_VERSION "0.7.4"
| #define PACKAGE_STRING "nload 0.7.4"
| #define PACKAGE_BUGREPORT "feedback@roland-riegel.de"
| #define PACKAGE_URL ""
| #define PACKAGE "nload"
| #define VERSION "0.7.4"
| /* end confdefs.h.  */
| #include <ac_nonexistent.h>
configure:4293: checking for grep that handles long lines and -e
configure:4351: result: /usr/bin/grep
configure:4356: checking for egrep
configure:4418: result: /usr/bin/grep -E
configure:4424: checking whether gcc needs -traditional
configure:4458: result: no
configure:4515: checking for memset
configure:4515: gcc -o conftest -g -O2   conftest.c  >&5
conftest.c:35:6: warning: conflicting types for built-in function 'memset'; expected 'void *(void *, int,  long unsigned int)' [-Wbuiltin-declaration-mismatch]
   35 | char memset ();
      |      ^~~~~~
conftest.c:23:1: note: 'memset' is declared in header '<string.h>'
   22 | # include <limits.h>
   23 | #else
configure:4515: $? = 0
configure:4515: result: yes
configure:4936: checking for initscr in -lncurses
configure:4961: gcc -o conftest -g -O2   conftest.c -lncurses   >&5
configure:4961: $? = 0
configure:4970: result: yes
configure:4981: checking for new_form in -lform
configure:5006: gcc -o conftest -g -O2   conftest.c -lform  -lncurses  >&5
configure:5006: $? = 0
configure:5015: result: yes
configure:5027: checking for ANSI C header files
configure:5047: gcc -c -g -O2  conftest.c >&5
configure:5047: $? = 0
configure:5120: gcc -o conftest -g -O2   conftest.c -lform -lncurses  >&5
configure:5120: $? = 0
configure:5120: ./conftest
configure:5120: $? = 0
configure:5131: result: yes
configure:5142: checking limits.h usability
configure:5142: gcc -c -g -O2  conftest.c >&5
configure:5142: $? = 0
configure:5142: result: yes
configure:5142: checking limits.h presence
configure:5142: gcc -E  conftest.c
configure:5142: $? = 0
configure:5142: result: yes
configure:5142: checking for limits.h
configure:5142: result: yes
configure:5142: checking stdlib.h usability
configure:5142: gcc -c -g -O2  conftest.c >&5
configure:5142: $? = 0
configure:5142: result: yes
configure:5142: checking stdlib.h presence
configure:5142: gcc -E  conftest.c
configure:5142: $? = 0
configure:5142: result: yes
configure:5142: checking for stdlib.h
configure:5142: result: yes
configure:5142: checking string.h usability
configure:5142: gcc -c -g -O2  conftest.c >&5
configure:5142: $? = 0
configure:5142: result: yes
configure:5142: checking string.h presence
configure:5142: gcc -E  conftest.c
configure:5142: $? = 0
configure:5142: result: yes
configure:5142: checking for string.h
configure:5142: result: yes
configure:5142: checking unistd.h usability
configure:5142: gcc -c -g -O2  conftest.c >&5
configure:5142: $? = 0
configure:5142: result: yes
configure:5142: checking unistd.h presence
configure:5142: gcc -E  conftest.c
configure:5142: $? = 0
configure:5142: result: yes
configure:5142: checking for unistd.h
configure:5142: result: yes
configure:5142: checking curses.h usability
configure:5142: gcc -c -g -O2  conftest.c >&5
configure:5142: $? = 0
configure:5142: result: yes
configure:5142: checking curses.h presence
configure:5142: gcc -E  conftest.c
configure:5142: $? = 0
configure:5142: result: yes
configure:5142: checking for curses.h
configure:5142: result: yes
configure:5142: checking form.h usability
configure:5142: gcc -c -g -O2  conftest.c >&5
configure:5142: $? = 0
configure:5142: result: yes
configure:5142: checking form.h presence
configure:5142: gcc -E  conftest.c
configure:5142: $? = 0
configure:5142: result: yes
configure:5142: checking for form.h
configure:5142: result: yes
configure:5142: checking math.h usability
configure:5142: gcc -c -g -O2  conftest.c >&5
configure:5142: $? = 0
configure:5142: result: yes
configure:5142: checking math.h presence
configure:5142: gcc -E  conftest.c
configure:5142: $? = 0
configure:5142: result: yes
configure:5142: checking for math.h
configure:5142: result: yes
configure:5142: checking sys/param.h usability
configure:5142: gcc -c -g -O2  conftest.c >&5
configure:5142: $? = 0
configure:5142: result: yes
configure:5142: checking sys/param.h presence
configure:5142: gcc -E  conftest.c
configure:5142: $? = 0
configure:5142: result: yes
configure:5142: checking for sys/param.h
configure:5142: result: yes
configure:5142: checking sys/socket.h usability
configure:5142: gcc -c -g -O2  conftest.c >&5
configure:5142: $? = 0
configure:5142: result: yes
configure:5142: checking sys/socket.h presence
configure:5142: gcc -E  conftest.c
configure:5142: $? = 0
configure:5142: result: yes
configure:5142: checking for sys/socket.h
configure:5142: result: yes
configure:5142: checking sys/time.h usability
configure:5142: gcc -c -g -O2  conftest.c >&5
configure:5142: $? = 0
configure:5142: result: yes
configure:5142: checking sys/time.h presence
configure:5142: gcc -E  conftest.c
configure:5142: $? = 0
configure:5142: result: yes
configure:5142: checking for sys/time.h
configure:5142: result: yes
configure:5142: checking sys/ioctl.h usability
configure:5142: gcc -c -g -O2  conftest.c >&5
configure:5142: $? = 0
configure:5142: result: yes
configure:5142: checking sys/ioctl.h presence
configure:5142: gcc -E  conftest.c
configure:5142: $? = 0
configure:5142: result: yes
configure:5142: checking for sys/ioctl.h
configure:5142: result: yes
configure:5142: checking arpa/inet.h usability
configure:5142: gcc -c -g -O2  conftest.c >&5
configure:5142: $? = 0
configure:5142: result: yes
configure:5142: checking arpa/inet.h presence
configure:5142: gcc -E  conftest.c
configure:5142: $? = 0
configure:5142: result: yes
configure:5142: checking for arpa/inet.h
configure:5142: result: yes
configure:5142: checking netinet/in.h usability
configure:5142: gcc -c -g -O2  conftest.c >&5
configure:5142: $? = 0
configure:5142: result: yes
configure:5142: checking netinet/in.h presence
configure:5142: gcc -E  conftest.c
configure:5142: $? = 0
configure:5142: result: yes
configure:5142: checking for netinet/in.h
configure:5142: result: yes
configure:5160: checking for an ANSI C-conforming const
configure:5225: gcc -c -g -O2  conftest.c >&5
configure:5225: $? = 0
configure:5232: result: yes
configure:5240: checking for size_t
configure:5240: gcc -c -g -O2  conftest.c >&5
configure:5240: $? = 0
configure:5240: gcc -c -g -O2  conftest.c >&5
conftest.c: In function 'main':
conftest.c:65:21: error: expected expression before ')' token
   65 | if (sizeof ((size_t)))
      |                     ^
configure:5240: $? = 1
configure: failed program was:
| /* confdefs.h */
| #define PACKAGE_NAME "nload"
| #define PACKAGE_TARNAME "nload"
| #define PACKAGE_VERSION "0.7.4"
| #define PACKAGE_STRING "nload 0.7.4"
| #define PACKAGE_BUGREPORT "feedback@roland-riegel.de"
| #define PACKAGE_URL ""
| #define PACKAGE "nload"
| #define VERSION "0.7.4"
| #define HAVE_LINUX 1
| #define HAVE_MEMSET 1
| #define HAVE_LIBNCURSES 1
| #define HAVE_LIBFORM 1
| #define STDC_HEADERS 1
| #define HAVE_LIMITS_H 1
| #define HAVE_STDLIB_H 1
| #define HAVE_STRING_H 1
| #define HAVE_UNISTD_H 1
| #define HAVE_CURSES_H 1
| #define HAVE_FORM_H 1
| #define HAVE_MATH_H 1
| #define HAVE_SYS_PARAM_H 1
| #define HAVE_SYS_SOCKET_H 1
| #define HAVE_SYS_TIME_H 1
| #define HAVE_SYS_IOCTL_H 1
| #define HAVE_ARPA_INET_H 1
| #define HAVE_NETINET_IN_H 1
| /* end confdefs.h.  */
| #include <stdio.h>
| #ifdef HAVE_SYS_TYPES_H
| # include <sys/types.h>
| #endif
| #ifdef HAVE_SYS_STAT_H
| # include <sys/stat.h>
| #endif
| #ifdef STDC_HEADERS
| # include <stdlib.h>
| # include <stddef.h>
| #else
| # ifdef HAVE_STDLIB_H
| #  include <stdlib.h>
| # endif
| #endif
| #ifdef HAVE_STRING_H
| # if !defined STDC_HEADERS && defined HAVE_MEMORY_H
| #  include <memory.h>
| # endif
| # include <string.h>
| #endif
| #ifdef HAVE_STRINGS_H
| # include <strings.h>
| #endif
| #ifdef HAVE_INTTYPES_H
| # include <inttypes.h>
| #endif
| #ifdef HAVE_STDINT_H
| # include <stdint.h>
| #endif
| #ifdef HAVE_UNISTD_H
| # include <unistd.h>
| #endif
| int
| main ()
| {
| if (sizeof ((size_t)))
| 	    return 0;
|   ;
|   return 0;
| }
configure:5240: result: yes
configure:5251: checking whether time.h and sys/time.h may both be included
configure:5271: gcc -c -g -O2  conftest.c >&5
configure:5271: $? = 0
configure:5278: result: yes
configure:5302: checking return type of signal handlers
configure:5320: gcc -c -g -O2 -Wall  -DSYSCONFDIR='"$(sysconfdir)"' conftest.c >&5
conftest.c: In function 'main':
conftest.c:36:10: error: void value not ignored as it ought to be
   36 | return *(signal (0, 0)) (0) == 1;
      |         ~^~~~~~~~~~~~~~~~~~
configure:5320: $? = 1
configure: failed program was:
| /* confdefs.h */
| #define PACKAGE_NAME "nload"
| #define PACKAGE_TARNAME "nload"
| #define PACKAGE_VERSION "0.7.4"
| #define PACKAGE_STRING "nload 0.7.4"
| #define PACKAGE_BUGREPORT "feedback@roland-riegel.de"
| #define PACKAGE_URL ""
| #define PACKAGE "nload"
| #define VERSION "0.7.4"
| #define HAVE_LINUX 1
| #define HAVE_MEMSET 1
| #define HAVE_LIBNCURSES 1
| #define HAVE_LIBFORM 1
| #define STDC_HEADERS 1
| #define HAVE_LIMITS_H 1
| #define HAVE_STDLIB_H 1
| #define HAVE_STRING_H 1
| #define HAVE_UNISTD_H 1
| #define HAVE_CURSES_H 1
| #define HAVE_FORM_H 1
| #define HAVE_MATH_H 1
| #define HAVE_SYS_PARAM_H 1
| #define HAVE_SYS_SOCKET_H 1
| #define HAVE_SYS_TIME_H 1
| #define HAVE_SYS_IOCTL_H 1
| #define HAVE_ARPA_INET_H 1
| #define HAVE_NETINET_IN_H 1
| #define TIME_WITH_SYS_TIME 1
| /* end confdefs.h.  */
| #include <sys/types.h>
| #include <signal.h>
| 
| int
| main ()
| {
| return *(signal (0, 0)) (0) == 1;
|   ;
|   return 0;
| }
configure:5327: result: void
configure:5338: checking for gettimeofday
configure:5338: gcc -o conftest -g -O2 -Wall  -DSYSCONFDIR='"$(sysconfdir)"'  -s conftest.c -lform -lncurses  >&5
configure:5338: $? = 0
configure:5338: result: yes
configure:5338: checking for inet_ntoa
configure:5338: gcc -o conftest -g -O2 -Wall  -DSYSCONFDIR='"$(sysconfdir)"'  -s conftest.c -lform -lncurses  >&5
configure:5338: $? = 0
configure:5338: result: yes
configure:5338: checking for socket
configure:5338: gcc -o conftest -g -O2 -Wall  -DSYSCONFDIR='"$(sysconfdir)"'  -s conftest.c -lform -lncurses  >&5
configure:5338: $? = 0
configure:5338: result: yes
configure:5495: creating ./config.status

## ---------------------- ##
## Running config.status. ##
## ---------------------- ##

This file was extended by nload config.status 0.7.4, which was
generated by GNU Autoconf 2.67.  Invocation command line was

  CONFIG_FILES    = 
  CONFIG_HEADERS  = 
  CONFIG_LINKS    = 
  CONFIG_COMMANDS = 
  $ ./config.status 

on vps-12674.server

config.status:892: creating Makefile
config.status:892: creating nload.spec
config.status:892: creating docs/Makefile
config.status:892: creating docs/nload.1
config.status:892: creating src/Makefile
config.status:892: creating config.h
config.status:1072: config.h is unchanged
config.status:1120: executing depfiles commands

## ---------------- ##
## Cache variables. ##
## ---------------- ##

ac_cv_build=x86_64-unknown-linux-gnu
ac_cv_c_compiler_gnu=yes
ac_cv_c_const=yes
ac_cv_cxx_compiler_gnu=yes
ac_cv_env_CCC_set=
ac_cv_env_CCC_value=
ac_cv_env_CC_set=
ac_cv_env_CC_value=
ac_cv_env_CFLAGS_set=
ac_cv_env_CFLAGS_value=
ac_cv_env_CPPFLAGS_set=
ac_cv_env_CPPFLAGS_value=
ac_cv_env_CPP_set=
ac_cv_env_CPP_value=
ac_cv_env_CXXFLAGS_set=
ac_cv_env_CXXFLAGS_value=
ac_cv_env_CXX_set=
ac_cv_env_CXX_value=
ac_cv_env_LDFLAGS_set=
ac_cv_env_LDFLAGS_value=
ac_cv_env_LIBS_set=
ac_cv_env_LIBS_value=
ac_cv_env_build_alias_set=
ac_cv_env_build_alias_value=
ac_cv_env_host_alias_set=
ac_cv_env_host_alias_value=
ac_cv_env_target_alias_set=
ac_cv_env_target_alias_value=
ac_cv_func_gettimeofday=yes
ac_cv_func_inet_ntoa=yes
ac_cv_func_memset=yes
ac_cv_func_socket=yes
ac_cv_header_arpa_inet_h=yes
ac_cv_header_curses_h=yes
ac_cv_header_form_h=yes
ac_cv_header_limits_h=yes
ac_cv_header_math_h=yes
ac_cv_header_netinet_in_h=yes
ac_cv_header_stdc=yes
ac_cv_header_stdlib_h=yes
ac_cv_header_string_h=yes
ac_cv_header_sys_ioctl_h=yes
ac_cv_header_sys_param_h=yes
ac_cv_header_sys_socket_h=yes
ac_cv_header_sys_time_h=yes
ac_cv_header_time=yes
ac_cv_header_unistd_h=yes
ac_cv_host=x86_64-unknown-linux-gnu
ac_cv_lib_form_new_form=yes
ac_cv_lib_ncurses_initscr=yes
ac_cv_objext=o
ac_cv_path_EGREP='/usr/bin/grep -E'
ac_cv_path_GREP=/usr/bin/grep
ac_cv_path_install='/usr/bin/install -c'
ac_cv_path_mkdir=/usr/bin/mkdir
ac_cv_prog_AWK=gawk
ac_cv_prog_CPP='gcc -E'
ac_cv_prog_ac_ct_CC=gcc
ac_cv_prog_ac_ct_CXX=g++
ac_cv_prog_cc_c89=
ac_cv_prog_cc_g=yes
ac_cv_prog_cxx_g=yes
ac_cv_prog_gcc_traditional=no
ac_cv_prog_make_make_set=yes
ac_cv_type_signal=void
ac_cv_type_size_t=yes
am_cv_CC_dependencies_compiler_type=gcc3
am_cv_CXX_dependencies_compiler_type=gcc3

## ----------------- ##
## Output variables. ##
## ----------------- ##

ACLOCAL='${SHELL} /root/nload-master/missing --run aclocal-1.11'
AMDEPBACKSLASH='\'
AMDEP_FALSE='#'
AMDEP_TRUE=''
AMTAR='${SHELL} /root/nload-master/missing --run tar'
AUTOCONF='${SHELL} /root/nload-master/missing --run autoconf'
AUTOHEADER='${SHELL} /root/nload-master/missing --run autoheader'
AUTOMAKE='${SHELL} /root/nload-master/missing --run automake-1.11'
AWK='gawk'
CC='gcc'
CCDEPMODE='depmode=gcc3'
CFLAGS='-g -O2 -Wall'
CPP='gcc -E'
CPPFLAGS=' -DSYSCONFDIR='\''"$(sysconfdir)"'\'''
CXX='g++'
CXXDEPMODE='depmode=gcc3'
CXXFLAGS='-g -O2 -Wall'
CYGPATH_W='echo'
DEFS='-DHAVE_CONFIG_H'
DEPDIR='.deps'
ECHO_C=''
ECHO_N='-n'
ECHO_T=''
EGREP='/usr/bin/grep -E'
EXEEXT=''
GREP='/usr/bin/grep'
HAVE_BSD_FALSE=''
HAVE_BSD_TRUE='#'
HAVE_HPUX_FALSE=''
HAVE_HPUX_TRUE='#'
HAVE_LINUX_FALSE='#'
HAVE_LINUX_TRUE=''
HAVE_SOLARIS_FALSE=''
HAVE_SOLARIS_TRUE='#'
INCLUDES=''
INSTALL_DATA='${INSTALL} -m 644'
INSTALL_PROGRAM='${INSTALL}'
INSTALL_SCRIPT='${INSTALL}'
INSTALL_STRIP_PROGRAM='$(install_sh) -c -s'
LDFLAGS=' -s'
LIBOBJS=''
LIBS='-lform -lncurses '
LTLIBOBJS=''
MAKEINFO='${SHELL} /root/nload-master/missing --run makeinfo'
MKDIR_P='/usr/bin/mkdir -p'
OBJEXT='o'
PACKAGE='nload'
PACKAGE_BUGREPORT='feedback@roland-riegel.de'
PACKAGE_NAME='nload'
PACKAGE_STRING='nload 0.7.4'
PACKAGE_TARNAME='nload'
PACKAGE_URL=''
PACKAGE_VERSION='0.7.4'
PATH_SEPARATOR=':'
SET_MAKE=''
SHELL='/bin/sh'
STRIP=''
VERSION='0.7.4'
ac_ct_CC='gcc'
ac_ct_CXX='g++'
am__EXEEXT_FALSE=''
am__EXEEXT_TRUE='#'
am__fastdepCC_FALSE='#'
am__fastdepCC_TRUE=''
am__fastdepCXX_FALSE='#'
am__fastdepCXX_TRUE=''
am__include='include'
am__isrc=''
am__leading_dot='.'
am__quote=''
am__tar='${AMTAR} chof - "$$tardir"'
am__untar='${AMTAR} xf -'
bindir='${exec_prefix}/bin'
build='x86_64-unknown-linux-gnu'
build_alias=''
build_cpu='x86_64'
build_os='linux-gnu'
build_vendor='unknown'
datadir='${datarootdir}'
datarootdir='${prefix}/share'
docdir='${datarootdir}/doc/${PACKAGE_TARNAME}'
dvidir='${docdir}'
exec_prefix='${prefix}'
host='x86_64-unknown-linux-gnu'
host_alias=''
host_cpu='x86_64'
host_os='linux-gnu'
host_vendor='unknown'
htmldir='${docdir}'
includedir='${prefix}/include'
infodir='${datarootdir}/info'
install_sh='${SHELL} /root/nload-master/install-sh'
libdir='${exec_prefix}/lib'
libexecdir='${exec_prefix}/libexec'
localedir='${datarootdir}/locale'
localstatedir='${prefix}/var'
mandir='${datarootdir}/man'
mkdir_p='/usr/bin/mkdir -p'
oldincludedir='/usr/include'
pdfdir='${docdir}'
prefix='/usr/local'
program_transform_name='s,x,x,'
psdir='${docdir}'
sbindir='${exec_prefix}/sbin'
sharedstatedir='${prefix}/com'
sysconfdir='${prefix}/etc'
target_alias=''

## ----------- ##
## confdefs.h. ##
## ----------- ##

/* confdefs.h */
#define PACKAGE_NAME "nload"
#define PACKAGE_TARNAME "nload"
#define PACKAGE_VERSION "0.7.4"
#define PACKAGE_STRING "nload 0.7.4"
#define PACKAGE_BUGREPORT "feedback@roland-riegel.de"
#define PACKAGE_URL ""
#define PACKAGE "nload"
#define VERSION "0.7.4"
#define HAVE_LINUX 1
#define HAVE_MEMSET 1
#define HAVE_LIBNCURSES 1
#define HAVE_LIBFORM 1
#define STDC_HEADERS 1
#define HAVE_LIMITS_H 1
#define HAVE_STDLIB_H 1
#define HAVE_STRING_H 1
#define HAVE_UNISTD_H 1
#define HAVE_CURSES_H 1
#define HAVE_FORM_H 1
#define HAVE_MATH_H 1
#define HAVE_SYS_PARAM_H 1
#define HAVE_SYS_SOCKET_H 1
#define HAVE_SYS_TIME_H 1
#define HAVE_SYS_IOCTL_H 1
#define HAVE_ARPA_INET_H 1
#define HAVE_NETINET_IN_H 1
#define TIME_WITH_SYS_TIME 1
#define RETSIGTYPE void
#define HAVE_GETTIMEOFDAY 1
#define HAVE_INET_NTOA 1
#define HAVE_SOCKET 1

configure: exit 0
